c:\users\diluc\source\repos\treehousedrv\treehousedrv\x64\release\vc143.pdb
c:\users\diluc\source\repos\treehousedrv\treehousedrv\x64\release\mem.obj
c:\users\diluc\source\repos\treehousedrv\treehousedrv\x64\release\hook.obj
c:\users\diluc\source\repos\treehousedrv\treehousedrv\x64\release\entry.obj
c:\users\diluc\source\repos\treehousedrv\x64\release\treehousedrv.sys
c:\users\diluc\source\repos\treehousedrv\x64\release\treehousedrv.pdb
c:\users\diluc\source\repos\treehousedrv\treehousedrv\x64\release\treehousedrv.inf
c:\users\diluc\source\repos\treehousedrv\x64\release\treehousedrv.cer
c:\users\diluc\source\repos\treehousedrv\x64\release\treehousedrv.inf
c:\users\diluc\source\repos\treehousedrv\treehousedrv\x64\release\treehousedrv.tlog\cl.command.1.tlog
c:\users\diluc\source\repos\treehousedrv\treehousedrv\x64\release\treehousedrv.tlog\cl.items.tlog
c:\users\diluc\source\repos\treehousedrv\treehousedrv\x64\release\treehousedrv.tlog\cl.read.1.tlog
c:\users\diluc\source\repos\treehousedrv\treehousedrv\x64\release\treehousedrv.tlog\cl.write.1.tlog
c:\users\diluc\source\repos\treehousedrv\treehousedrv\x64\release\treehousedrv.tlog\link.command.1.tlog
c:\users\diluc\source\repos\treehousedrv\treehousedrv\x64\release\treehousedrv.tlog\link.read.1.tlog
c:\users\diluc\source\repos\treehousedrv\treehousedrv\x64\release\treehousedrv.tlog\link.secondary.1.tlog
c:\users\diluc\source\repos\treehousedrv\treehousedrv\x64\release\treehousedrv.tlog\link.write.1.tlog
c:\users\diluc\source\repos\treehousedrv\treehousedrv\x64\release\treehousedrv.tlog\signtool.command.1.tlog
c:\users\diluc\source\repos\treehousedrv\treehousedrv\x64\release\treehousedrv.tlog\signtool.read.1.tlog
c:\users\diluc\source\repos\treehousedrv\treehousedrv\x64\release\treehousedrv.tlog\signtool.timestamp.1.tlog
c:\users\diluc\source\repos\treehousedrv\treehousedrv\x64\release\treehousedrv.tlog\signtool.write.1.tlog
c:\users\diluc\source\repos\treehousedrv\treehousedrv\x64\release\treehousedrv.tlog\stampinf.command.1.tlog
c:\users\diluc\source\repos\treehousedrv\treehousedrv\x64\release\treehousedrv.tlog\stampinf.read.1.tlog
c:\users\diluc\source\repos\treehousedrv\treehousedrv\x64\release\treehousedrv.tlog\stampinf.write.1.tlog
